<?xml version="1.0" encoding="UTF-8"?>
<!-- Generated by org.testng.reporters.JUnitXMLReporter -->
<testsuite ignored="0" hostname="DESKTOP-68BCR7S" failures="0" tests="3" name="Default test" time="0.074" errors="0" timestamp="2023-05-01T15:44:48 IST">
  <testcase classname="com.sgtesting.users.Users" name="createUser" time="0.006"/>
  <testcase classname="com.sgtesting.users.Users" name="deleteUser" time="0.002"/>
  <testcase classname="com.sgtesting.users.Users" name="modifyUser" time="0.001"/>
</testsuite> <!-- Default test -->
